<?xml version="1.0" encoding="UTF-8" ?>
<testsuite tests="18" failures="0" name="com.sybetech.business.TicTacToeGameTest" time="0.024" errors="0" skipped="0">
  <properties>
[...]
</properties>
  <testcase classname="com.sybetech.business.TicTacToeGameTest" name="whenPlay_ThenInProgress" time="0.004"/>
  <testcase classname="com.sybetech.business.TicTacToeGameTest" name="whenAllFieldsFilled_ThenDraw" time="0"/>
  <testcase classname="com.sybetech.business.TicTacToeGameTest" name="givenFirstMove_whenNextPlayer_thenX" time="0.001"/>
  <testcase classname="com.sybetech.business.TicTacToeGameTest" name="whenPlayMultipleTimes_ThenTurnIncreased" time="0.001"/>
  <testcase classname="com.sybetech.business.TicTacToeGameTest" name="givenLastMoveWasX_whenNextPlayerThenO" time="0"/>
  <testcase classname="com.sybetech.business.TicTacToeGameTest" name="givenLastMoveWasO_WhenNextPlayer_ThenX" time="0.001"/>
  <testcase classname="com.sybetech.business.TicTacToeGameTest" name="whenOccupied_ThenThrowRuntimeException" time="0.009"/>
  <testcase classname="com.sybetech.business.TicTacToeGameTest" name="whenPlayAndBottomTopDiagonalLineFilled_ThenWinner" time="0.001"/>
  <testcase classname="com.sybetech.business.TicTacToeGameTest" name="changeMyName2" time="0.001"/>
  <testcase classname="com.sybetech.business.TicTacToeGameTest" name="whenXOutsideBoard_thenThrowRuntimeException" time="0.001"/>
  <testcase classname="com.sybetech.business.TicTacToeGameTest" name="whenInstantiated_ThenStateClearInvoked" time="0"/>
  <testcase classname="com.sybetech.business.TicTacToeGameTest" name="whenInstantiated_ThenSetState" time="0.002"/>
  <testcase classname="com.sybetech.business.TicTacToeGameTest" name="whenInstantiatedAndClearReturnsFalse_ThenThrowRuntimeException" time="0"/>
  <testcase classname="com.sybetech.business.TicTacToeGameTest" name="whenPlayAndHorizontalLineFilled_ThenWinner" time="0.001"/>
  <testcase classname="com.sybetech.business.TicTacToeGameTest" name="whenPlayAndSaveReturnsFalse_ThenThrowRuntimeException" time="0.001"/>
  <testcase classname="com.sybetech.business.TicTacToeGameTest" name="whenPlay_ThenSaveMoveIsInvoked" time="0.001"/>
  <testcase classname="com.sybetech.business.TicTacToeGameTest" name="whenPlayAndVerticalLineFilled_ThenWinner" time="0"/>
  <testcase classname="com.sybetech.business.TicTacToeGameTest" name="whenPlayAndTopBottomDiagonalLineFilled_ThenWinner" time="0"/>
</testsuite>